<?xml version="1.0" encoding="UTF-8"?>
<testsuite xmlns:xsi="http://www.w3.org/2001/XMLSchema-instance" xsi:noNamespaceSchemaLocation="https://maven.apache.org/surefire/maven-surefire-plugin/xsd/surefire-test-report-3.0.xsd" version="3.0" name="io.cucumber.runners.RunCucumberTest" time="15.098" tests="24" errors="0" skipped="0" failures="0">
  <properties>
    <property name="java.specification.version" value="21"/>
    <property name="sun.jnu.encoding" value="UTF-8"/>
    <property name="java.class.path" value="/Users/atesg01/Downloads/cucumber-java-skeleton-main/maven/target/test-classes:/Users/atesg01/Downloads/cucumber-java-skeleton-main/maven/target/classes:/Users/atesg01/.m2/repository/io/cucumber/cucumber-java/7.14.0/cucumber-java-7.14.0.jar:/Users/atesg01/.m2/repository/io/cucumber/cucumber-core/7.14.0/cucumber-core-7.14.0.jar:/Users/atesg01/.m2/repository/io/cucumber/cucumber-gherkin/7.14.0/cucumber-gherkin-7.14.0.jar:/Users/atesg01/.m2/repository/io/cucumber/cucumber-gherkin-messages/7.14.0/cucumber-gherkin-messages-7.14.0.jar:/Users/atesg01/.m2/repository/io/cucumber/gherkin/26.2.0/gherkin-26.2.0.jar:/Users/atesg01/.m2/repository/io/cucumber/messages/22.0.0/messages-22.0.0.jar:/Users/atesg01/.m2/repository/io/cucumber/tag-expressions/5.0.6/tag-expressions-5.0.6.jar:/Users/atesg01/.m2/repository/io/cucumber/cucumber-expressions/16.1.2/cucumber-expressions-16.1.2.jar:/Users/atesg01/.m2/repository/io/cucumber/datatable/7.14.0/datatable-7.14.0.jar:/Users/atesg01/.m2/repository/io/cucumber/cucumber-plugin/7.14.0/cucumber-plugin-7.14.0.jar:/Users/atesg01/.m2/repository/io/cucumber/docstring/7.14.0/docstring-7.14.0.jar:/Users/atesg01/.m2/repository/io/cucumber/html-formatter/20.4.0/html-formatter-20.4.0.jar:/Users/atesg01/.m2/repository/io/cucumber/junit-xml-formatter/0.2.0/junit-xml-formatter-0.2.0.jar:/Users/atesg01/.m2/repository/io/cucumber/ci-environment/9.2.0/ci-environment-9.2.0.jar:/Users/atesg01/.m2/repository/org/apiguardian/apiguardian-api/1.1.2/apiguardian-api-1.1.2.jar:/Users/atesg01/.m2/repository/org/json/json/20231013/json-20231013.jar:/Users/atesg01/.m2/repository/io/cucumber/cucumber-junit-platform-engine/7.14.0/cucumber-junit-platform-engine-7.14.0.jar:/Users/atesg01/.m2/repository/org/junit/platform/junit-platform-engine/1.10.0/junit-platform-engine-1.10.0.jar:/Users/atesg01/.m2/repository/org/opentest4j/opentest4j/1.3.0/opentest4j-1.3.0.jar:/Users/atesg01/.m2/repository/org/junit/platform/junit-platform-commons/1.10.0/junit-platform-commons-1.10.0.jar:/Users/atesg01/.m2/repository/org/junit/platform/junit-platform-suite/1.10.0/junit-platform-suite-1.10.0.jar:/Users/atesg01/.m2/repository/org/junit/platform/junit-platform-suite-api/1.10.0/junit-platform-suite-api-1.10.0.jar:/Users/atesg01/.m2/repository/org/junit/platform/junit-platform-suite-engine/1.10.0/junit-platform-suite-engine-1.10.0.jar:/Users/atesg01/.m2/repository/org/junit/platform/junit-platform-suite-commons/1.10.0/junit-platform-suite-commons-1.10.0.jar:/Users/atesg01/.m2/repository/org/junit/platform/junit-platform-launcher/1.10.0/junit-platform-launcher-1.10.0.jar:/Users/atesg01/.m2/repository/org/assertj/assertj-core/3.21.0/assertj-core-3.21.0.jar:/Users/atesg01/.m2/repository/org/junit/jupiter/junit-jupiter/5.10.0/junit-jupiter-5.10.0.jar:/Users/atesg01/.m2/repository/org/junit/jupiter/junit-jupiter-api/5.10.0/junit-jupiter-api-5.10.0.jar:/Users/atesg01/.m2/repository/org/junit/jupiter/junit-jupiter-params/5.10.0/junit-jupiter-params-5.10.0.jar:/Users/atesg01/.m2/repository/org/junit/jupiter/junit-jupiter-engine/5.10.0/junit-jupiter-engine-5.10.0.jar:/Users/atesg01/.m2/repository/io/rest-assured/rest-assured/5.3.2/rest-assured-5.3.2.jar:/Users/atesg01/.m2/repository/org/apache/groovy/groovy/4.0.11/groovy-4.0.11.jar:/Users/atesg01/.m2/repository/org/apache/groovy/groovy-xml/4.0.11/groovy-xml-4.0.11.jar:/Users/atesg01/.m2/repository/org/apache/httpcomponents/httpclient/4.5.13/httpclient-4.5.13.jar:/Users/atesg01/.m2/repository/org/apache/httpcomponents/httpcore/4.4.13/httpcore-4.4.13.jar:/Users/atesg01/.m2/repository/commons-logging/commons-logging/1.2/commons-logging-1.2.jar:/Users/atesg01/.m2/repository/commons-codec/commons-codec/1.11/commons-codec-1.11.jar:/Users/atesg01/.m2/repository/org/apache/httpcomponents/httpmime/4.5.13/httpmime-4.5.13.jar:/Users/atesg01/.m2/repository/org/hamcrest/hamcrest/2.2/hamcrest-2.2.jar:/Users/atesg01/.m2/repository/org/ccil/cowan/tagsoup/tagsoup/1.2.1/tagsoup-1.2.1.jar:/Users/atesg01/.m2/repository/io/rest-assured/json-path/5.3.2/json-path-5.3.2.jar:/Users/atesg01/.m2/repository/org/apache/groovy/groovy-json/4.0.11/groovy-json-4.0.11.jar:/Users/atesg01/.m2/repository/io/rest-assured/rest-assured-common/5.3.2/rest-assured-common-5.3.2.jar:/Users/atesg01/.m2/repository/io/rest-assured/xml-path/5.3.2/xml-path-5.3.2.jar:/Users/atesg01/.m2/repository/org/apache/commons/commons-lang3/3.11/commons-lang3-3.11.jar:"/>
    <property name="java.vm.vendor" value="Homebrew"/>
    <property name="sun.arch.data.model" value="64"/>
    <property name="java.vendor.url" value="https://github.com/Homebrew/homebrew-core/issues"/>
    <property name="user.timezone" value="Europe/London"/>
    <property name="os.name" value="Mac OS X"/>
    <property name="java.vm.specification.version" value="21"/>
    <property name="sun.java.launcher" value="SUN_STANDARD"/>
    <property name="user.country" value="GB"/>
    <property name="sun.boot.library.path" value="/opt/homebrew/Cellar/openjdk/21.0.1/libexec/openjdk.jdk/Contents/Home/lib"/>
    <property name="sun.java.command" value="/Users/atesg01/Downloads/cucumber-java-skeleton-main/maven/target/surefire/surefirebooter-20231026111750959_3.jar /Users/atesg01/Downloads/cucumber-java-skeleton-main/maven/target/surefire 2023-10-26T11-17-50_916-jvmRun1 surefire-20231026111750959_1tmp surefire_0-20231026111750959_2tmp"/>
    <property name="http.nonProxyHosts" value="local|*.local|169.254/16|*.169.254/16"/>
    <property name="jdk.debug" value="release"/>
    <property name="surefire.test.class.path" value="/Users/atesg01/Downloads/cucumber-java-skeleton-main/maven/target/test-classes:/Users/atesg01/Downloads/cucumber-java-skeleton-main/maven/target/classes:/Users/atesg01/.m2/repository/io/cucumber/cucumber-java/7.14.0/cucumber-java-7.14.0.jar:/Users/atesg01/.m2/repository/io/cucumber/cucumber-core/7.14.0/cucumber-core-7.14.0.jar:/Users/atesg01/.m2/repository/io/cucumber/cucumber-gherkin/7.14.0/cucumber-gherkin-7.14.0.jar:/Users/atesg01/.m2/repository/io/cucumber/cucumber-gherkin-messages/7.14.0/cucumber-gherkin-messages-7.14.0.jar:/Users/atesg01/.m2/repository/io/cucumber/gherkin/26.2.0/gherkin-26.2.0.jar:/Users/atesg01/.m2/repository/io/cucumber/messages/22.0.0/messages-22.0.0.jar:/Users/atesg01/.m2/repository/io/cucumber/tag-expressions/5.0.6/tag-expressions-5.0.6.jar:/Users/atesg01/.m2/repository/io/cucumber/cucumber-expressions/16.1.2/cucumber-expressions-16.1.2.jar:/Users/atesg01/.m2/repository/io/cucumber/datatable/7.14.0/datatable-7.14.0.jar:/Users/atesg01/.m2/repository/io/cucumber/cucumber-plugin/7.14.0/cucumber-plugin-7.14.0.jar:/Users/atesg01/.m2/repository/io/cucumber/docstring/7.14.0/docstring-7.14.0.jar:/Users/atesg01/.m2/repository/io/cucumber/html-formatter/20.4.0/html-formatter-20.4.0.jar:/Users/atesg01/.m2/repository/io/cucumber/junit-xml-formatter/0.2.0/junit-xml-formatter-0.2.0.jar:/Users/atesg01/.m2/repository/io/cucumber/ci-environment/9.2.0/ci-environment-9.2.0.jar:/Users/atesg01/.m2/repository/org/apiguardian/apiguardian-api/1.1.2/apiguardian-api-1.1.2.jar:/Users/atesg01/.m2/repository/org/json/json/20231013/json-20231013.jar:/Users/atesg01/.m2/repository/io/cucumber/cucumber-junit-platform-engine/7.14.0/cucumber-junit-platform-engine-7.14.0.jar:/Users/atesg01/.m2/repository/org/junit/platform/junit-platform-engine/1.10.0/junit-platform-engine-1.10.0.jar:/Users/atesg01/.m2/repository/org/opentest4j/opentest4j/1.3.0/opentest4j-1.3.0.jar:/Users/atesg01/.m2/repository/org/junit/platform/junit-platform-commons/1.10.0/junit-platform-commons-1.10.0.jar:/Users/atesg01/.m2/repository/org/junit/platform/junit-platform-suite/1.10.0/junit-platform-suite-1.10.0.jar:/Users/atesg01/.m2/repository/org/junit/platform/junit-platform-suite-api/1.10.0/junit-platform-suite-api-1.10.0.jar:/Users/atesg01/.m2/repository/org/junit/platform/junit-platform-suite-engine/1.10.0/junit-platform-suite-engine-1.10.0.jar:/Users/atesg01/.m2/repository/org/junit/platform/junit-platform-suite-commons/1.10.0/junit-platform-suite-commons-1.10.0.jar:/Users/atesg01/.m2/repository/org/junit/platform/junit-platform-launcher/1.10.0/junit-platform-launcher-1.10.0.jar:/Users/atesg01/.m2/repository/org/assertj/assertj-core/3.21.0/assertj-core-3.21.0.jar:/Users/atesg01/.m2/repository/org/junit/jupiter/junit-jupiter/5.10.0/junit-jupiter-5.10.0.jar:/Users/atesg01/.m2/repository/org/junit/jupiter/junit-jupiter-api/5.10.0/junit-jupiter-api-5.10.0.jar:/Users/atesg01/.m2/repository/org/junit/jupiter/junit-jupiter-params/5.10.0/junit-jupiter-params-5.10.0.jar:/Users/atesg01/.m2/repository/org/junit/jupiter/junit-jupiter-engine/5.10.0/junit-jupiter-engine-5.10.0.jar:/Users/atesg01/.m2/repository/io/rest-assured/rest-assured/5.3.2/rest-assured-5.3.2.jar:/Users/atesg01/.m2/repository/org/apache/groovy/groovy/4.0.11/groovy-4.0.11.jar:/Users/atesg01/.m2/repository/org/apache/groovy/groovy-xml/4.0.11/groovy-xml-4.0.11.jar:/Users/atesg01/.m2/repository/org/apache/httpcomponents/httpclient/4.5.13/httpclient-4.5.13.jar:/Users/atesg01/.m2/repository/org/apache/httpcomponents/httpcore/4.4.13/httpcore-4.4.13.jar:/Users/atesg01/.m2/repository/commons-logging/commons-logging/1.2/commons-logging-1.2.jar:/Users/atesg01/.m2/repository/commons-codec/commons-codec/1.11/commons-codec-1.11.jar:/Users/atesg01/.m2/repository/org/apache/httpcomponents/httpmime/4.5.13/httpmime-4.5.13.jar:/Users/atesg01/.m2/repository/org/hamcrest/hamcrest/2.2/hamcrest-2.2.jar:/Users/atesg01/.m2/repository/org/ccil/cowan/tagsoup/tagsoup/1.2.1/tagsoup-1.2.1.jar:/Users/atesg01/.m2/repository/io/rest-assured/json-path/5.3.2/json-path-5.3.2.jar:/Users/atesg01/.m2/repository/org/apache/groovy/groovy-json/4.0.11/groovy-json-4.0.11.jar:/Users/atesg01/.m2/repository/io/rest-assured/rest-assured-common/5.3.2/rest-assured-common-5.3.2.jar:/Users/atesg01/.m2/repository/io/rest-assured/xml-path/5.3.2/xml-path-5.3.2.jar:/Users/atesg01/.m2/repository/org/apache/commons/commons-lang3/3.11/commons-lang3-3.11.jar:"/>
    <property name="sun.cpu.endian" value="little"/>
    <property name="user.home" value="/Users/atesg01"/>
    <property name="user.language" value="en"/>
    <property name="java.specification.vendor" value="Oracle Corporation"/>
    <property name="java.version.date" value="2023-10-17"/>
    <property name="java.home" value="/opt/homebrew/Cellar/openjdk/21.0.1/libexec/openjdk.jdk/Contents/Home"/>
    <property name="file.separator" value="/"/>
    <property name="basedir" value="/Users/atesg01/Downloads/cucumber-java-skeleton-main/maven"/>
    <property name="java.vm.compressedOopsMode" value="Zero based"/>
    <property name="line.separator" value="&#10;"/>
    <property name="java.vm.specification.vendor" value="Oracle Corporation"/>
    <property name="java.specification.name" value="Java Platform API Specification"/>
    <property name="apple.awt.application.name" value="ForkedBooter"/>
    <property name="surefire.real.class.path" value="/Users/atesg01/Downloads/cucumber-java-skeleton-main/maven/target/surefire/surefirebooter-20231026111750959_3.jar"/>
    <property name="sun.management.compiler" value="HotSpot 64-Bit Tiered Compilers"/>
    <property name="ftp.nonProxyHosts" value="local|*.local|169.254/16|*.169.254/16"/>
    <property name="java.runtime.version" value="21.0.1"/>
    <property name="user.name" value="atesg01"/>
    <property name="stdout.encoding" value="UTF-8"/>
    <property name="path.separator" value=":"/>
    <property name="os.version" value="13.6"/>
    <property name="java.runtime.name" value="OpenJDK Runtime Environment"/>
    <property name="file.encoding" value="UTF-8"/>
    <property name="java.vm.name" value="OpenJDK 64-Bit Server VM"/>
    <property name="java.vendor.version" value="Homebrew"/>
    <property name="localRepository" value="/Users/atesg01/.m2/repository"/>
    <property name="java.vendor.url.bug" value="https://github.com/Homebrew/homebrew-core/issues"/>
    <property name="java.io.tmpdir" value="/var/folders/mv/3s18t5110tdf_628j90chz9h0000gn/T/"/>
    <property name="java.version" value="21.0.1"/>
    <property name="user.dir" value="/Users/atesg01/Downloads/cucumber-java-skeleton-main/maven"/>
    <property name="os.arch" value="aarch64"/>
    <property name="java.vm.specification.name" value="Java Virtual Machine Specification"/>
    <property name="native.encoding" value="UTF-8"/>
    <property name="java.library.path" value="/Users/atesg01/Library/Java/Extensions:/Library/Java/Extensions:/Network/Library/Java/Extensions:/System/Library/Java/Extensions:/usr/lib/java:."/>
    <property name="java.vm.info" value="mixed mode, sharing"/>
    <property name="stderr.encoding" value="UTF-8"/>
    <property name="java.vendor" value="Homebrew"/>
    <property name="java.vm.version" value="21.0.1"/>
    <property name="sun.io.unicode.encoding" value="UnicodeBig"/>
    <property name="socksNonProxyHosts" value="local|*.local|169.254/16|*.169.254/16"/>
    <property name="java.class.version" value="65.0"/>
  </properties>
  <testcase name="Create object scenarios - Create a new object" classname="Create object scenarios" time="1.168">
    <system-out><![CDATA[
@apiSmoke
Scenario: Create a new object                           &amp#27;[90m# io/cucumber/features/create_object.feature:4&amp#27;[0m
  &amp#27;[32mGiven &amp#27;[0m&amp#27;[32mI create a new object with random details&amp#27;[0m       &amp#27;[90m# io.cucumber.stepDefs.StepDefinitions.iCreateANewObjectWithRandomDetails()&amp#27;[0m
  &amp#27;[32mWhen &amp#27;[0m&amp#27;[32mI send a POST request to object endpoint&amp#27;[0m         &amp#27;[90m# io.cucumber.stepDefs.StepDefinitions.iSendAPOSTRequestToObjectEndpoint()&amp#27;[0m
  &amp#27;[32mThen &amp#27;[0m&amp#27;[32mthe response status code is &amp#27;[0m&amp#27;[32m&amp#27;[1m200&amp#27;[0m                  &amp#27;[90m# io.cucumber.stepDefs.StepDefinitions.theResponseStatusCodeIs(int)&amp#27;[0m
  &amp#27;[32mAnd &amp#27;[0m&amp#27;[32mthe response should contain the following values:&amp#27;[0m &amp#27;[90m# io.cucumber.stepDefs.StepDefinitions.verifyResponseValues(io.cucumber.datatable.DataTable)&amp#27;[0m
    | name             | Apple MacBook Pro 13 |
    | data.year        | 2019                 |
    | data.description | Intel Core i9        |
    | data.color       | Purple               |
]]></system-out>
  </testcase>
  <testcase name="Create object scenarios - Create a new object from feature" classname="Create object scenarios" time="0.321">
    <system-out><![CDATA[
@apiSmoke
Scenario: Create a new object from feature              &amp#27;[90m# io/cucumber/features/create_object.feature:15&amp#27;[0m
  &amp#27;[32mGiven &amp#27;[0m&amp#27;[32mI add a new object with the following details:&amp#27;[0m  &amp#27;[90m# io.cucumber.stepDefs.StepDefinitions.iAddANewObjectWithTheFollowingDetails(io.cucumber.datatable.DataTable)&amp#27;[0m
    | id   | 14            |
    | name | iPhone 16 Pro |
  &amp#27;[32mWhen &amp#27;[0m&amp#27;[32mI send a POST request to object endpoint&amp#27;[0m         &amp#27;[90m# io.cucumber.stepDefs.StepDefinitions.iSendAPOSTRequestToObjectEndpoint()&amp#27;[0m
  &amp#27;[32mThen &amp#27;[0m&amp#27;[32mthe response status code is &amp#27;[0m&amp#27;[32m&amp#27;[1m200&amp#27;[0m                  &amp#27;[90m# io.cucumber.stepDefs.StepDefinitions.theResponseStatusCodeIs(int)&amp#27;[0m
  &amp#27;[32mAnd &amp#27;[0m&amp#27;[32mthe response should contain the following values:&amp#27;[0m &amp#27;[90m# io.cucumber.stepDefs.StepDefinitions.verifyResponseValues(io.cucumber.datatable.DataTable)&amp#27;[0m
    | name | iPhone 16 Pro |
]]></system-out>
  </testcase>
  <testcase name="Create object scenarios - Attepmt to create a object with unsupported media" classname="Create object scenarios" time="0.313">
    <system-out><![CDATA[
@apiSmoke
Scenario: Attepmt to create a object with unsupported media &amp#27;[90m# io/cucumber/features/create_object.feature:25&amp#27;[0m
  &amp#27;[32mWhen &amp#27;[0m&amp#27;[32mI send a POST request to object endpoint&amp#27;[0m             &amp#27;[90m# io.cucumber.stepDefs.StepDefinitions.iSendAPOSTRequestToObjectEndpoint()&amp#27;[0m
  &amp#27;[32mThen &amp#27;[0m&amp#27;[32mthe response status code is &amp#27;[0m&amp#27;[32m&amp#27;[1m415&amp#27;[0m                      &amp#27;[90m# io.cucumber.stepDefs.StepDefinitions.theResponseStatusCodeIs(int)&amp#27;[0m
  &amp#27;[32mAnd &amp#27;[0m&amp#27;[32mthe response should contain the following values:&amp#27;[0m     &amp#27;[90m# io.cucumber.stepDefs.StepDefinitions.verifyResponseValues(io.cucumber.datatable.DataTable)&amp#27;[0m
    | error | 415 Unsupported Media Type. The 415 status code indicates that the origin server is refusing to service the request because the payload is in a format not supported by this method on the target resource. One of the examples of getting 415 would be sending a request with a Content-Type header which is not equal to application/json |
]]></system-out>
  </testcase>
  <testcase name="Create object scenarios - Attepmt to create a object with empty body" classname="Create object scenarios" time="0.427">
    <system-out><![CDATA[
@apiSmoke
Scenario: Attepmt to create a object with empty body    &amp#27;[90m# io/cucumber/features/create_object.feature:32&amp#27;[0m
  &amp#27;[32mGiven &amp#27;[0m&amp#27;[32mI have a empty body request&amp#27;[0m                     &amp#27;[90m# io.cucumber.stepDefs.StepDefinitions.iHaveAEmptyRequest()&amp#27;[0m
  &amp#27;[32mWhen &amp#27;[0m&amp#27;[32mI send a POST request to object endpoint&amp#27;[0m         &amp#27;[90m# io.cucumber.stepDefs.StepDefinitions.iSendAPOSTRequestToObjectEndpoint()&amp#27;[0m
  &amp#27;[32mThen &amp#27;[0m&amp#27;[32mthe response status code is &amp#27;[0m&amp#27;[32m&amp#27;[1m400&amp#27;[0m                  &amp#27;[90m# io.cucumber.stepDefs.StepDefinitions.theResponseStatusCodeIs(int)&amp#27;[0m
  &amp#27;[32mAnd &amp#27;[0m&amp#27;[32mthe response should contain the following values:&amp#27;[0m &amp#27;[90m# io.cucumber.stepDefs.StepDefinitions.verifyResponseValues(io.cucumber.datatable.DataTable)&amp#27;[0m
    | error | 400 Bad Request. If you are trying to create or update the data, potential issue is that you are sending incorrect body json or it is missing at all. |
]]></system-out>
  </testcase>
  <testcase name="Delete object scenarios - Delete an object and then delete" classname="Delete object scenarios" time="0.7">
    <system-out><![CDATA[
@apiSmoke
Scenario: Delete an object and then delete                                            &amp#27;[90m# io/cucumber/features/delete_object.feature:4&amp#27;[0m
  &amp#27;[32mGiven &amp#27;[0m&amp#27;[32mI create a new object with random details&amp#27;[0m                                     &amp#27;[90m# io.cucumber.stepDefs.StepDefinitions.iCreateANewObjectWithRandomDetails()&amp#27;[0m
  &amp#27;[32mAnd &amp#27;[0m&amp#27;[32mI send a POST request to object endpoint&amp#27;[0m                                        &amp#27;[90m# io.cucumber.stepDefs.StepDefinitions.iSendAPOSTRequestToObjectEndpoint()&amp#27;[0m
  &amp#27;[32mAnd &amp#27;[0m&amp#27;[32mthe response status code is &amp#27;[0m&amp#27;[32m&amp#27;[1m200&amp#27;[0m                                                 &amp#27;[90m# io.cucumber.stepDefs.StepDefinitions.theResponseStatusCodeIs(int)&amp#27;[0m
  &amp#27;[32mAnd &amp#27;[0m&amp#27;[32mI get the object id&amp#27;[0m                                                             &amp#27;[90m# io.cucumber.stepDefs.StepDefinitions.iGetTheObjectId()&amp#27;[0m
  &amp#27;[32mWhen &amp#27;[0m&amp#27;[32mI delete the object with the object id&amp#27;[0m                                         &amp#27;[90m# io.cucumber.stepDefs.StepDefinitions.iDeleteTheObject()&amp#27;[0m
  &amp#27;[32mThen &amp#27;[0m&amp#27;[32mthe response status code is &amp#27;[0m&amp#27;[32m&amp#27;[1m200&amp#27;[0m                                                &amp#27;[90m# io.cucumber.stepDefs.StepDefinitions.theResponseStatusCodeIs(int)&amp#27;[0m
  &amp#27;[32mAnd &amp#27;[0m&amp#27;[32min the response a message is displayed the object has successfully been deleted&amp#27;[0m &amp#27;[90m# io.cucumber.stepDefs.StepDefinitions.theObjectHasSuccessfullyBeenDeleted()&amp#27;[0m
]]></system-out>
  </testcase>
  <testcase name="Delete object scenarios - Delete an object" classname="Delete object scenarios" time="0.906">
    <system-out><![CDATA[
@apiSmoke
Scenario: Delete an object                     &amp#27;[90m# io/cucumber/features/delete_object.feature:14&amp#27;[0m
  &amp#27;[32mWhen &amp#27;[0m&amp#27;[32mI send a DELETE request to &amp#27;[0m&amp#27;[32m&amp#27;[1m"/objects/6"&amp#27;[0m &amp#27;[90m# io.cucumber.stepDefs.StepDefinitions.iSendADELETERequestTo(java.lang.String)&amp#27;[0m
  &amp#27;[32mThen &amp#27;[0m&amp#27;[32mthe response status code is &amp#27;[0m&amp#27;[32m&amp#27;[1m405&amp#27;[0m         &amp#27;[90m# io.cucumber.stepDefs.StepDefinitions.theResponseStatusCodeIs(int)&amp#27;[0m
]]></system-out>
  </testcase>
  <testcase name="Delete object scenarios - Attempt to delete an object with invalid object" classname="Delete object scenarios" time="0.352">
    <system-out><![CDATA[
@apiSmoke
Scenario: Attempt to delete an object with invalid object &amp#27;[90m# io/cucumber/features/delete_object.feature:19&amp#27;[0m
  &amp#27;[32mWhen &amp#27;[0m&amp#27;[32mI send a DELETE request to &amp#27;[0m&amp#27;[32m&amp#27;[1m"/objects/31"&amp#27;[0m           &amp#27;[90m# io.cucumber.stepDefs.StepDefinitions.iSendADELETERequestTo(java.lang.String)&amp#27;[0m
  &amp#27;[32mThen &amp#27;[0m&amp#27;[32mthe response status code is &amp#27;[0m&amp#27;[32m&amp#27;[1m404&amp#27;[0m                    &amp#27;[90m# io.cucumber.stepDefs.StepDefinitions.theResponseStatusCodeIs(int)&amp#27;[0m
]]></system-out>
  </testcase>
  <testcase name="Delete object scenarios - Attempt to delete an object with invalid object" classname="Delete object scenarios" time="0.357">
    <system-out><![CDATA[
@apiSmoke
Scenario: Attempt to delete an object with invalid object &amp#27;[90m# io/cucumber/features/delete_object.feature:24&amp#27;[0m
  &amp#27;[32mWhen &amp#27;[0m&amp#27;[32mI send a DELETE request to &amp#27;[0m&amp#27;[32m&amp#27;[1m"/objects/31"&amp#27;[0m           &amp#27;[90m# io.cucumber.stepDefs.StepDefinitions.iSendADELETERequestTo(java.lang.String)&amp#27;[0m
  &amp#27;[32mThen &amp#27;[0m&amp#27;[32mthe response status code is &amp#27;[0m&amp#27;[32m&amp#27;[1m404&amp#27;[0m                    &amp#27;[90m# io.cucumber.stepDefs.StepDefinitions.theResponseStatusCodeIs(int)&amp#27;[0m
]]></system-out>
  </testcase>
  <testcase name="Get object scenarios - Retrieve an Object by Valid ID" classname="Get object scenarios" time="0.912">
    <system-out><![CDATA[
@apiSmoke
Scenario: Retrieve an Object by Valid ID                &amp#27;[90m# io/cucumber/features/get_object.feature:4&amp#27;[0m
  &amp#27;[32mWhen &amp#27;[0m&amp#27;[32mI send a GET request to &amp#27;[0m&amp#27;[32m&amp#27;[1m"/objects/1"&amp#27;[0m             &amp#27;[90m# io.cucumber.stepDefs.StepDefinitions.iSendAGETRequestTo(java.lang.String)&amp#27;[0m
  &amp#27;[32mThen &amp#27;[0m&amp#27;[32mthe response status code is &amp#27;[0m&amp#27;[32m&amp#27;[1m200&amp#27;[0m                  &amp#27;[90m# io.cucumber.stepDefs.StepDefinitions.theResponseStatusCodeIs(int)&amp#27;[0m
  &amp#27;[32mAnd &amp#27;[0m&amp#27;[32mthe response should contain the following values:&amp#27;[0m &amp#27;[90m# io.cucumber.stepDefs.StepDefinitions.verifyResponseValues(io.cucumber.datatable.DataTable)&amp#27;[0m
    | id            | 1                  |
    | name          | Google Pixel 6 Pro |
    | data.color    | Cloudy White       |
    | data.capacity | 128 GB             |
]]></system-out>
  </testcase>
  <testcase name="Get object scenarios - Retrieve all objects" classname="Get object scenarios" time="0.874">
    <system-out><![CDATA[
@apiSmoke
Scenario: Retrieve all objects                          &amp#27;[90m# io/cucumber/features/get_object.feature:14&amp#27;[0m
  &amp#27;[32mGiven &amp#27;[0m&amp#27;[32mI send a GET request to &amp#27;[0m&amp#27;[32m&amp#27;[1m"/objects"&amp#27;[0m              &amp#27;[90m# io.cucumber.stepDefs.StepDefinitions.iSendAGETRequestTo(java.lang.String)&amp#27;[0m
  &amp#27;[32mWhen &amp#27;[0m&amp#27;[32mthe response status code is &amp#27;[0m&amp#27;[32m&amp#27;[1m200&amp#27;[0m                  &amp#27;[90m# io.cucumber.stepDefs.StepDefinitions.theResponseStatusCodeIs(int)&amp#27;[0m
  &amp#27;[32mAnd &amp#27;[0m&amp#27;[32mthe response should contain the following values:&amp#27;[0m &amp#27;[90m# io.cucumber.stepDefs.StepDefinitions.verifyResponseValues(io.cucumber.datatable.DataTable)&amp#27;[0m
    | [0].id            | 1                                 |
    | [0].name          | Google Pixel 6 Pro                |
    | [0].data.color    | Cloudy White                      |
    | [0].data.capacity | 128 GB                            |
    | [1].id            | 2                                 |
    | [1].name          | Apple iPhone 12 Mini, 256GB, Blue |
    | [2].id            | 3                                 |
    | [2].name          | Apple iPhone 12 Pro Max           |
    | [2].data.color    | Cloudy White                      |
]]></system-out>
  </testcase>
  <testcase name="Get object scenarios - Attempt to Retrieve Non-Existent Object" classname="Get object scenarios" time="0.443">
    <system-out><![CDATA[
@apiSmoke
Scenario: Attempt to Retrieve Non-Existent Object &amp#27;[90m# io/cucumber/features/get_object.feature:47&amp#27;[0m
  &amp#27;[32mWhen &amp#27;[0m&amp#27;[32mI send a GET request to &amp#27;[0m&amp#27;[32m&amp#27;[1m"/objects/31"&amp#27;[0m      &amp#27;[90m# io.cucumber.stepDefs.StepDefinitions.iSendAGETRequestTo(java.lang.String)&amp#27;[0m
  &amp#27;[32mThen &amp#27;[0m&amp#27;[32mthe response status code is &amp#27;[0m&amp#27;[32m&amp#27;[1m404&amp#27;[0m            &amp#27;[90m# io.cucumber.stepDefs.StepDefinitions.theResponseStatusCodeIs(int)&amp#27;[0m
]]></system-out>
  </testcase>
  <testcase name="Get object scenarios - Retrieve an Object by Invalid ID" classname="Get object scenarios" time="0.923">
    <system-out><![CDATA[
@apiSmoke
Scenario: Retrieve an Object by Invalid ID &amp#27;[90m# io/cucumber/features/get_object.feature:52&amp#27;[0m
  &amp#27;[32mWhen &amp#27;[0m&amp#27;[32mI send a GET request to &amp#27;[0m&amp#27;[32m&amp#27;[1m"/33"&amp#27;[0m       &amp#27;[90m# io.cucumber.stepDefs.StepDefinitions.iSendAGETRequestTo(java.lang.String)&amp#27;[0m
  &amp#27;[32mThen &amp#27;[0m&amp#27;[32mthe response status code is &amp#27;[0m&amp#27;[32m&amp#27;[1m404&amp#27;[0m     &amp#27;[90m# io.cucumber.stepDefs.StepDefinitions.theResponseStatusCodeIs(int)&amp#27;[0m
]]></system-out>
  </testcase>
  <testcase name="Get object scenarios - Retrieve an Object by Valid ID - multiple objects - Examples - Example #1.1" classname="Get object scenarios - Retrieve an Object by Valid ID - multiple objects - Examples" time="0.359">
    <system-out><![CDATA[
@apiSmoke
Scenario Outline: Retrieve an Object by Valid ID - multiple objects &amp#27;[90m# io/cucumber/features/get_object.feature:36&amp#27;[0m
  &amp#27;[32mWhen &amp#27;[0m&amp#27;[32mI send a GET request to &amp#27;[0m&amp#27;[32m&amp#27;[1m"/objects/1"&amp#27;[0m                         &amp#27;[90m# io.cucumber.stepDefs.StepDefinitions.iSendAGETRequestTo(java.lang.String)&amp#27;[0m
  &amp#27;[32mThen &amp#27;[0m&amp#27;[32mthe response status code is &amp#27;[0m&amp#27;[32m&amp#27;[1m200&amp#27;[0m                              &amp#27;[90m# io.cucumber.stepDefs.StepDefinitions.theResponseStatusCodeIs(int)&amp#27;[0m
  &amp#27;[32mAnd &amp#27;[0m&amp#27;[32mthe object name is &amp#27;[0m&amp#27;[32m&amp#27;[1m"Google Pixel 6 Pro"&amp#27;[0m                       &amp#27;[90m# io.cucumber.stepDefs.StepDefinitions.theObjectNameIs(java.lang.String)&amp#27;[0m
]]></system-out>
  </testcase>
  <testcase name="Get object scenarios - Retrieve an Object by Valid ID - multiple objects - Examples - Example #1.2" classname="Get object scenarios - Retrieve an Object by Valid ID - multiple objects - Examples" time="0.858">
    <system-out><![CDATA[
@apiSmoke
Scenario Outline: Retrieve an Object by Valid ID - multiple objects &amp#27;[90m# io/cucumber/features/get_object.feature:37&amp#27;[0m
  &amp#27;[32mWhen &amp#27;[0m&amp#27;[32mI send a GET request to &amp#27;[0m&amp#27;[32m&amp#27;[1m"/objects/2"&amp#27;[0m                         &amp#27;[90m# io.cucumber.stepDefs.StepDefinitions.iSendAGETRequestTo(java.lang.String)&amp#27;[0m
  &amp#27;[32mThen &amp#27;[0m&amp#27;[32mthe response status code is &amp#27;[0m&amp#27;[32m&amp#27;[1m200&amp#27;[0m                              &amp#27;[90m# io.cucumber.stepDefs.StepDefinitions.theResponseStatusCodeIs(int)&amp#27;[0m
  &amp#27;[32mAnd &amp#27;[0m&amp#27;[32mthe object name is &amp#27;[0m&amp#27;[32m&amp#27;[1m"Apple iPhone 12 Mini, 256GB, Blue"&amp#27;[0m        &amp#27;[90m# io.cucumber.stepDefs.StepDefinitions.theObjectNameIs(java.lang.String)&amp#27;[0m
]]></system-out>
  </testcase>
  <testcase name="Get object scenarios - Retrieve an Object by Valid ID - multiple objects - Examples - Example #1.3" classname="Get object scenarios - Retrieve an Object by Valid ID - multiple objects - Examples" time="0.999">
    <system-out><![CDATA[
@apiSmoke
Scenario Outline: Retrieve an Object by Valid ID - multiple objects &amp#27;[90m# io/cucumber/features/get_object.feature:38&amp#27;[0m
  &amp#27;[32mWhen &amp#27;[0m&amp#27;[32mI send a GET request to &amp#27;[0m&amp#27;[32m&amp#27;[1m"/objects/3"&amp#27;[0m                         &amp#27;[90m# io.cucumber.stepDefs.StepDefinitions.iSendAGETRequestTo(java.lang.String)&amp#27;[0m
  &amp#27;[32mThen &amp#27;[0m&amp#27;[32mthe response status code is &amp#27;[0m&amp#27;[32m&amp#27;[1m200&amp#27;[0m                              &amp#27;[90m# io.cucumber.stepDefs.StepDefinitions.theResponseStatusCodeIs(int)&amp#27;[0m
  &amp#27;[32mAnd &amp#27;[0m&amp#27;[32mthe object name is &amp#27;[0m&amp#27;[32m&amp#27;[1m"Apple iPhone 12 Pro Max"&amp#27;[0m                  &amp#27;[90m# io.cucumber.stepDefs.StepDefinitions.theObjectNameIs(java.lang.String)&amp#27;[0m
]]></system-out>
  </testcase>
  <testcase name="Get object scenarios - Retrieve an Object by Valid ID - multiple objects - Examples - Example #1.4" classname="Get object scenarios - Retrieve an Object by Valid ID - multiple objects - Examples" time="0.408">
    <system-out><![CDATA[
@apiSmoke
Scenario Outline: Retrieve an Object by Valid ID - multiple objects &amp#27;[90m# io/cucumber/features/get_object.feature:39&amp#27;[0m
  &amp#27;[32mWhen &amp#27;[0m&amp#27;[32mI send a GET request to &amp#27;[0m&amp#27;[32m&amp#27;[1m"/objects/4"&amp#27;[0m                         &amp#27;[90m# io.cucumber.stepDefs.StepDefinitions.iSendAGETRequestTo(java.lang.String)&amp#27;[0m
  &amp#27;[32mThen &amp#27;[0m&amp#27;[32mthe response status code is &amp#27;[0m&amp#27;[32m&amp#27;[1m200&amp#27;[0m                              &amp#27;[90m# io.cucumber.stepDefs.StepDefinitions.theResponseStatusCodeIs(int)&amp#27;[0m
  &amp#27;[32mAnd &amp#27;[0m&amp#27;[32mthe object name is &amp#27;[0m&amp#27;[32m&amp#27;[1m"Apple iPhone 11, 64GB"&amp#27;[0m                    &amp#27;[90m# io.cucumber.stepDefs.StepDefinitions.theObjectNameIs(java.lang.String)&amp#27;[0m
]]></system-out>
  </testcase>
  <testcase name="Get object scenarios - Retrieve an Object by Valid ID - multiple objects - Examples - Example #1.5" classname="Get object scenarios - Retrieve an Object by Valid ID - multiple objects - Examples" time="0.566">
    <system-out><![CDATA[
@apiSmoke
Scenario Outline: Retrieve an Object by Valid ID - multiple objects &amp#27;[90m# io/cucumber/features/get_object.feature:40&amp#27;[0m
  &amp#27;[32mWhen &amp#27;[0m&amp#27;[32mI send a GET request to &amp#27;[0m&amp#27;[32m&amp#27;[1m"/objects/5"&amp#27;[0m                         &amp#27;[90m# io.cucumber.stepDefs.StepDefinitions.iSendAGETRequestTo(java.lang.String)&amp#27;[0m
  &amp#27;[32mThen &amp#27;[0m&amp#27;[32mthe response status code is &amp#27;[0m&amp#27;[32m&amp#27;[1m200&amp#27;[0m                              &amp#27;[90m# io.cucumber.stepDefs.StepDefinitions.theResponseStatusCodeIs(int)&amp#27;[0m
  &amp#27;[32mAnd &amp#27;[0m&amp#27;[32mthe object name is &amp#27;[0m&amp#27;[32m&amp#27;[1m"Samsung Galaxy Z Fold2"&amp#27;[0m                   &amp#27;[90m# io.cucumber.stepDefs.StepDefinitions.theObjectNameIs(java.lang.String)&amp#27;[0m
]]></system-out>
  </testcase>
  <testcase name="Get object scenarios - Retrieve an Object by Valid ID - multiple objects - Examples - Example #1.6" classname="Get object scenarios - Retrieve an Object by Valid ID - multiple objects - Examples" time="0.339">
    <system-out><![CDATA[
@apiSmoke
Scenario Outline: Retrieve an Object by Valid ID - multiple objects &amp#27;[90m# io/cucumber/features/get_object.feature:41&amp#27;[0m
  &amp#27;[32mWhen &amp#27;[0m&amp#27;[32mI send a GET request to &amp#27;[0m&amp#27;[32m&amp#27;[1m"/objects/6"&amp#27;[0m                         &amp#27;[90m# io.cucumber.stepDefs.StepDefinitions.iSendAGETRequestTo(java.lang.String)&amp#27;[0m
  &amp#27;[32mThen &amp#27;[0m&amp#27;[32mthe response status code is &amp#27;[0m&amp#27;[32m&amp#27;[1m200&amp#27;[0m                              &amp#27;[90m# io.cucumber.stepDefs.StepDefinitions.theResponseStatusCodeIs(int)&amp#27;[0m
  &amp#27;[32mAnd &amp#27;[0m&amp#27;[32mthe object name is &amp#27;[0m&amp#27;[32m&amp#27;[1m"Apple AirPods"&amp#27;[0m                            &amp#27;[90m# io.cucumber.stepDefs.StepDefinitions.theObjectNameIs(java.lang.String)&amp#27;[0m
]]></system-out>
  </testcase>
  <testcase name="Get object scenarios - Retrieve an Object by Valid ID - multiple objects - Examples - Example #1.7" classname="Get object scenarios - Retrieve an Object by Valid ID - multiple objects - Examples" time="0.365">
    <system-out><![CDATA[
@apiSmoke
Scenario Outline: Retrieve an Object by Valid ID - multiple objects &amp#27;[90m# io/cucumber/features/get_object.feature:42&amp#27;[0m
  &amp#27;[32mWhen &amp#27;[0m&amp#27;[32mI send a GET request to &amp#27;[0m&amp#27;[32m&amp#27;[1m"/objects/7"&amp#27;[0m                         &amp#27;[90m# io.cucumber.stepDefs.StepDefinitions.iSendAGETRequestTo(java.lang.String)&amp#27;[0m
  &amp#27;[32mThen &amp#27;[0m&amp#27;[32mthe response status code is &amp#27;[0m&amp#27;[32m&amp#27;[1m200&amp#27;[0m                              &amp#27;[90m# io.cucumber.stepDefs.StepDefinitions.theResponseStatusCodeIs(int)&amp#27;[0m
  &amp#27;[32mAnd &amp#27;[0m&amp#27;[32mthe object name is &amp#27;[0m&amp#27;[32m&amp#27;[1m"Apple MacBook Pro 16"&amp#27;[0m                     &amp#27;[90m# io.cucumber.stepDefs.StepDefinitions.theObjectNameIs(java.lang.String)&amp#27;[0m
]]></system-out>
  </testcase>
  <testcase name="Get object scenarios - Retrieve an Object by Valid ID - multiple objects - Examples - Example #1.8" classname="Get object scenarios - Retrieve an Object by Valid ID - multiple objects - Examples" time="0.323">
    <system-out><![CDATA[
@apiSmoke
Scenario Outline: Retrieve an Object by Valid ID - multiple objects &amp#27;[90m# io/cucumber/features/get_object.feature:43&amp#27;[0m
  &amp#27;[32mWhen &amp#27;[0m&amp#27;[32mI send a GET request to &amp#27;[0m&amp#27;[32m&amp#27;[1m"/objects/8"&amp#27;[0m                         &amp#27;[90m# io.cucumber.stepDefs.StepDefinitions.iSendAGETRequestTo(java.lang.String)&amp#27;[0m
  &amp#27;[32mThen &amp#27;[0m&amp#27;[32mthe response status code is &amp#27;[0m&amp#27;[32m&amp#27;[1m200&amp#27;[0m                              &amp#27;[90m# io.cucumber.stepDefs.StepDefinitions.theResponseStatusCodeIs(int)&amp#27;[0m
  &amp#27;[32mAnd &amp#27;[0m&amp#27;[32mthe object name is &amp#27;[0m&amp#27;[32m&amp#27;[1m"Apple Watch Series 8"&amp#27;[0m                     &amp#27;[90m# io.cucumber.stepDefs.StepDefinitions.theObjectNameIs(java.lang.String)&amp#27;[0m
]]></system-out>
  </testcase>
  <testcase name="Update object scenarios - Update a new object with existing json request" classname="Update object scenarios" time="0.829">
    <system-out><![CDATA[
@apiSmoke
Scenario: Update a new object with existing json request &amp#27;[90m# io/cucumber/features/update_object.feature:4&amp#27;[0m
  &amp#27;[32mGiven &amp#27;[0m&amp#27;[32mI create a new object with random details&amp#27;[0m        &amp#27;[90m# io.cucumber.stepDefs.StepDefinitions.iCreateANewObjectWithRandomDetails()&amp#27;[0m
  &amp#27;[32mAnd &amp#27;[0m&amp#27;[32mI send a POST request to object endpoint&amp#27;[0m           &amp#27;[90m# io.cucumber.stepDefs.StepDefinitions.iSendAPOSTRequestToObjectEndpoint()&amp#27;[0m
  &amp#27;[32mAnd &amp#27;[0m&amp#27;[32mthe response status code is &amp#27;[0m&amp#27;[32m&amp#27;[1m200&amp#27;[0m                    &amp#27;[90m# io.cucumber.stepDefs.StepDefinitions.theResponseStatusCodeIs(int)&amp#27;[0m
  &amp#27;[32mAnd &amp#27;[0m&amp#27;[32mthe response should contain the following values:&amp#27;[0m  &amp#27;[90m# io.cucumber.stepDefs.StepDefinitions.verifyResponseValues(io.cucumber.datatable.DataTable)&amp#27;[0m
    | name | Apple MacBook Pro 13 |
  &amp#27;[32mWhen &amp#27;[0m&amp#27;[32mI get the object id&amp#27;[0m                               &amp#27;[90m# io.cucumber.stepDefs.StepDefinitions.iGetTheObjectId()&amp#27;[0m
  &amp#27;[32mAnd &amp#27;[0m&amp#27;[32mI update the object with existing data&amp#27;[0m             &amp#27;[90m# io.cucumber.stepDefs.StepDefinitions.iUpdateTheObjectIdWithExistingData()&amp#27;[0m
  &amp#27;[32mAnd &amp#27;[0m&amp#27;[32mI send a PUT request to update the object&amp#27;[0m          &amp#27;[90m# io.cucumber.stepDefs.StepDefinitions.iSendAPUTRequest()&amp#27;[0m
  &amp#27;[32mThen &amp#27;[0m&amp#27;[32mthe response status code is &amp#27;[0m&amp#27;[32m&amp#27;[1m200&amp#27;[0m                   &amp#27;[90m# io.cucumber.stepDefs.StepDefinitions.theResponseStatusCodeIs(int)&amp#27;[0m
  &amp#27;[32mAnd &amp#27;[0m&amp#27;[32mthe response should contain the following values:&amp#27;[0m  &amp#27;[90m# io.cucumber.stepDefs.StepDefinitions.verifyResponseValues(io.cucumber.datatable.DataTable)&amp#27;[0m
    | name | Apple MacBook Pro 12 |
]]></system-out>
  </testcase>
  <testcase name="Update object scenarios - Update object name from Apple MacBook Pro 13 to 11" classname="Update object scenarios" time="0.729">
    <system-out><![CDATA[
@apiSmoke
Scenario: Update object name from Apple MacBook Pro 13 to 11 &amp#27;[90m# io/cucumber/features/update_object.feature:18&amp#27;[0m
  &amp#27;[32mGiven &amp#27;[0m&amp#27;[32mI create a new object with random details&amp#27;[0m            &amp#27;[90m# io.cucumber.stepDefs.StepDefinitions.iCreateANewObjectWithRandomDetails()&amp#27;[0m
  &amp#27;[32mAnd &amp#27;[0m&amp#27;[32mI send a POST request to object endpoint&amp#27;[0m               &amp#27;[90m# io.cucumber.stepDefs.StepDefinitions.iSendAPOSTRequestToObjectEndpoint()&amp#27;[0m
  &amp#27;[32mAnd &amp#27;[0m&amp#27;[32mthe response status code is &amp#27;[0m&amp#27;[32m&amp#27;[1m200&amp#27;[0m                        &amp#27;[90m# io.cucumber.stepDefs.StepDefinitions.theResponseStatusCodeIs(int)&amp#27;[0m
  &amp#27;[32mAnd &amp#27;[0m&amp#27;[32mthe response should contain the following values:&amp#27;[0m      &amp#27;[90m# io.cucumber.stepDefs.StepDefinitions.verifyResponseValues(io.cucumber.datatable.DataTable)&amp#27;[0m
    | name | Apple MacBook Pro 13 |
  &amp#27;[32mWhen &amp#27;[0m&amp#27;[32mI get the object id&amp#27;[0m                                   &amp#27;[90m# io.cucumber.stepDefs.StepDefinitions.iGetTheObjectId()&amp#27;[0m
  &amp#27;[32mAnd &amp#27;[0m&amp#27;[32mI update the object name with &amp#27;[0m&amp#27;[32m&amp#27;[1m"Apple MacBook Pro 11"&amp#27;[0m   &amp#27;[90m# io.cucumber.stepDefs.StepDefinitions.iUpdateTheObjectNameWith(java.lang.String)&amp#27;[0m
  &amp#27;[32mAnd &amp#27;[0m&amp#27;[32mI send a PUT request to update the object&amp#27;[0m              &amp#27;[90m# io.cucumber.stepDefs.StepDefinitions.iSendAPUTRequest()&amp#27;[0m
  &amp#27;[32mThen &amp#27;[0m&amp#27;[32mthe response status code is &amp#27;[0m&amp#27;[32m&amp#27;[1m200&amp#27;[0m                       &amp#27;[90m# io.cucumber.stepDefs.StepDefinitions.theResponseStatusCodeIs(int)&amp#27;[0m
  &amp#27;[32mAnd &amp#27;[0m&amp#27;[32mthe response should contain the following values:&amp#27;[0m      &amp#27;[90m# io.cucumber.stepDefs.StepDefinitions.verifyResponseValues(io.cucumber.datatable.DataTable)&amp#27;[0m
    | name | Apple MacBook Pro 11 |
]]></system-out>
  </testcase>
  <testcase name="Update object scenarios - Attempt to update object with blank id" classname="Update object scenarios" time="0.35">
    <system-out><![CDATA[
@apiSmoke
Scenario: Attempt to update object with blank id        &amp#27;[90m# io/cucumber/features/update_object.feature:32&amp#27;[0m
  &amp#27;[32mGiven &amp#27;[0m&amp#27;[32mI create a new object with random details&amp#27;[0m       &amp#27;[90m# io.cucumber.stepDefs.StepDefinitions.iCreateANewObjectWithRandomDetails()&amp#27;[0m
  &amp#27;[32mAnd &amp#27;[0m&amp#27;[32mI send a PUT request to update the object&amp#27;[0m         &amp#27;[90m# io.cucumber.stepDefs.StepDefinitions.iSendAPUTRequest()&amp#27;[0m
  &amp#27;[32mThen &amp#27;[0m&amp#27;[32mthe response status code is &amp#27;[0m&amp#27;[32m&amp#27;[1m404&amp#27;[0m                  &amp#27;[90m# io.cucumber.stepDefs.StepDefinitions.theResponseStatusCodeIs(int)&amp#27;[0m
  &amp#27;[32mAnd &amp#27;[0m&amp#27;[32mthe response should contain the following values:&amp#27;[0m &amp#27;[90m# io.cucumber.stepDefs.StepDefinitions.verifyResponseValues(io.cucumber.datatable.DataTable)&amp#27;[0m
    | error | The Object with id = null doesn't exist. Please provide an object id which exists or generate a new Object using POST request and capture the id of it to use it as part of PUT request after that. |
]]></system-out>
  </testcase>
  <testcase name="Update object scenarios - Attempt to update an object that is unable" classname="Update object scenarios" time="1.08">
    <system-out><![CDATA[
@apiSmoke
Scenario: Attempt to update an object that is unable                     &amp#27;[90m# io/cucumber/features/update_object.feature:40&amp#27;[0m
  &amp#27;[32mWhen &amp#27;[0m&amp#27;[32mI send a PUT request to &amp#27;[0m&amp#27;[32m&amp#27;[1m"/objects/7"&amp#27;[0m&amp#27;[32m with the updated object data&amp#27;[0m &amp#27;[90m# io.cucumber.stepDefs.StepDefinitions.iSendAPUTRequestToWithTheUpdatedObjectData(java.lang.String)&amp#27;[0m
  &amp#27;[32mThen &amp#27;[0m&amp#27;[32mthe response status code is &amp#27;[0m&amp#27;[32m&amp#27;[1m405&amp#27;[0m                                   &amp#27;[90m# io.cucumber.stepDefs.StepDefinitions.theResponseStatusCodeIs(int)&amp#27;[0m
  &amp#27;[32mAnd &amp#27;[0m&amp#27;[32mthe response should contain the following values:&amp#27;[0m                  &amp#27;[90m# io.cucumber.stepDefs.StepDefinitions.verifyResponseValues(io.cucumber.datatable.DataTable)&amp#27;[0m
    | error | 7 is a reserved id and the data object of it cannot be overridden. You can create a new object via POST request and use new generated by id from it to send a PUT request. |
]]></system-out>
  </testcase>
</testsuite>